Job 1:
{
  "job_id": "0b085ad7-12ce-4853-aa3c-f8688a54f9d0",
  "status": "queued"
}
Job 2:
{
  "job_id": "486a3cc0-8da6-4833-ac73-69094b83b264",
  "status": "queued"
}
Job 3:
{
  "job_id": "c2dc9a52-62b3-4afc-a584-f4a29d339a4d",
  "status": "queued"
}
Job 4:
{
  "job_id": "7d82b065-da9c-4624-80c0-aa95cd7d05a8",
  "status": "queued"
}
Job 5:
{
  "job_id": "1fcd722f-612e-4a6b-a793-12d69ea7c234",
  "status": "queued"
}
Job 6:
{
  "job_id": "dd33f148-9a2a-4501-8404-03dfdefb2320",
  "status": "queued"
}
Job 7:
{
  "job_id": "a2818556-c9fd-47db-b897-3fb1a476b62e",
  "status": "queued"
}
Job 8:
{
  "job_id": "82de1419-4364-442c-b848-be5852c65e6a",
  "status": "queued"
}
Job 9:
{
  "job_id": "57116427-f995-4068-af79-d308663d3b57",
  "status": "queued"
}
Job 10:
{
  "job_id": "be7ae456-3da0-4509-acef-2e644836ac0b",
  "status": "queued"
}
